2025-09-11 19:43:26.670   Log opened. (Time zone: UTC+05:30)
2025-09-11 19:43:26.670   Setup version: Inno Setup version 5.5.9 (u)
2025-09-11 19:43:26.670   Original Setup EXE: C:\ProgramData\Lenovo\Vantage\AddinData\LenovoSystemUpdateAddin\session\Repository\wwdf0wae40_83dv_11\Setup.exe
2025-09-11 19:43:26.670   Setup command line: /SL5="$E9088A,8427893,180224,C:\ProgramData\Lenovo\Vantage\AddinData\LenovoSystemUpdateAddin\session\Repository\wwdf0wae40_83dv_11\Setup.exe" /VERYSILENT /LOG="C:\Setup.log"
2025-09-11 19:43:26.670   Windows version: 10.0.26100  (NT platform: Yes)
2025-09-11 19:43:26.670   64-bit Windows: Yes
2025-09-11 19:43:26.670   Processor architecture: x64
2025-09-11 19:43:26.670   User privileges: Administrative
2025-09-11 19:43:26.672   64-bit install mode: Yes
2025-09-11 19:43:26.684   Created temporary directory: C:\WINDOWS\TempInst\is-U1OUJ.tmp
2025-09-11 19:43:26.697   Extracting temporary file: C:\WINDOWS\TempInst\is-U1OUJ.tmp\devcon.exe
2025-09-11 19:43:26.702   Extracting temporary file: C:\WINDOWS\TempInst\is-U1OUJ.tmp\InstallSetting.exe
2025-09-11 19:43:26.778   InstallParam=checkled -ledver 2.0.1.16 InstallSettingCode=0
2025-09-11 19:43:26.810   InstallParam=checkyled -yledver 2.1.1.16 InstallSettingCode=0
2025-09-11 19:43:26.840   InstallParam=checknetfilter -netfilterver 4.0.1.10 InstallSettingCode=2
2025-09-11 19:43:26.840   Extracting temporary file: C:\WINDOWS\TempInst\is-U1OUJ.tmp\FBNetFlt.sys
2025-09-11 19:43:26.844   Extracting temporary file: C:\WINDOWS\TempInst\is-U1OUJ.tmp\FBNetFilter.inf
2025-09-11 19:43:26.845   Extracting temporary file: C:\WINDOWS\TempInst\is-U1OUJ.tmp\fbnetfilter.cat
2025-09-11 19:43:26.846   Extracting temporary file: C:\WINDOWS\TempInst\is-U1OUJ.tmp\FBNetFilterInstall.exe
2025-09-11 19:43:28.800   InstallLedDriver InstallNetDriver=0
2025-09-11 19:43:28.944   InstallParam=checkxtu -xtu 7.14.2.14 InstallSettingCode=0
2025-09-11 19:43:28.945   ResultCode=0
2025-09-11 19:43:28.945   InitializeSetup returned False; aborting.
2025-09-11 19:43:28.945   Got EAbort exception.
2025-09-11 19:43:28.945   Deinitializing Setup.
2025-09-11 19:43:28.946   Log closed.
